<html>
<head>
<title>TestNG:  Default test</title>
<link href="../testng.css" rel="stylesheet" type="text/css" />
<link href="../my-testng.css" rel="stylesheet" type="text/css" />

<style type="text/css">
.log { display: none;} 
.stack-trace { display: none;} 
</style>
<script type="text/javascript">
<!--
function flip(e) {
  current = e.style.display;
  if (current == 'block') {
    e.style.display = 'none';
    return 0;
  }
  else {
    e.style.display = 'block';
    return 1;
  }
}

function toggleBox(szDivId, elem, msg1, msg2)
{
  var res = -1;  if (document.getElementById) {
    res = flip(document.getElementById(szDivId));
  }
  else if (document.all) {
    // this is the way old msie versions work
    res = flip(document.all[szDivId]);
  }
  if(elem) {
    if(res == 0) elem.innerHTML = msg1; else elem.innerHTML = msg2;
  }

}

function toggleAllBoxes() {
  if (document.getElementsByTagName) {
    d = document.getElementsByTagName('div');
    for (i = 0; i < d.length; i++) {
      if (d[i].className == 'log') {
        flip(d[i]);
      }
    }
  }
}

// -->
</script>

</head>
<body>
<h2 align='center'>Default test</h2><table border='1' align="center">
<tr>
<td>Tests passed/Failed/Skipped:</td><td>0/2/0</td>
</tr><tr>
<td>Started on:</td><td>Thu May 17 16:47:04 IST 2018</td>
</tr>
<tr><td>Total time:</td><td>62 seconds (62255 ms)</td>
</tr><tr>
<td>Included groups:</td><td></td>
</tr><tr>
<td>Excluded groups:</td><td></td>
</tr>
</table><p/>
<small><i>(Hover the method name to see the test class name)</i></small><p/>
<table width='100%' border='1' class='invocation-failed'>
<tr><td colspan='4' align='center'><b>FAILED TESTS</b></td></tr>
<tr><td><b>Test method</b></td>
<td width="30%"><b>Exception</b></td>
<td width="10%"><b>Time (seconds)</b></td>
<td><b>Instance</b></td>
</tr>
<tr>
<td title='test.java.com.infinera.dnam.gui.inventory.InventoryTests.test01_VerifyInventoryManagerAndFiltersForOCM8P_NE_Context()'><b>test01_VerifyInventoryManagerAndFiltersForOCM8P_NE_Context</b><br>Test class: test.java.com.infinera.dnam.gui.inventory.InventoryTests<br>Test method:  Verify the Inventory Manager and Filters for OCM8P from NE Context..<br/>
<a href="#Output-1418620248" onClick='toggleBox("Output-1418620248", this, "Show output", "Hide output");'>Show output</a>

<a href="#Output-1418620248" onClick="toggleAllBoxes();">Show all outputs</a>
<div class='log' id="Output-1418620248">
Name of the method executing is:test01_VerifyInventoryManagerAndFiltersForOCM8P_NE_Context<br/>
Step 1. Login to the DNAM Client..<br/>
Step 2. Verify if the node is found....<br/>
</div>
</td>
<td><div><pre>java.lang.AssertionError: FindFailed: can not find C:\Users\sdakinedi\Desktop\JAVA\Eclipse_workspace\dnamGuiTesting_Java\lib\Find_String.png on the screen.
  Line 1574, in file Region.java

	at test.java.com.infinera.dnam.gui.inventory.InventoryTests.test01_VerifyInventoryManagerAndFiltersForOCM8P_NE_Context(InventoryTests.java:191)
	at sun.reflect.NativeMethodAccessorImpl.invoke0(Native Method)
	at sun.reflect.NativeMethodAccessorImpl.invoke(NativeMethodAccessorImpl.java:62)
	at sun.reflect.DelegatingMethodAccessorImpl.invoke(DelegatingMethodAccessorImpl.java:43)
	at java.lang.reflect.Method.invoke(Method.java:498)
	at org.testng.internal.MethodInvocationHelper.invokeMethod(MethodInvocationHelper.java:124)
	at org.testng.internal.Invoker.invokeMethod(Invoker.java:583)
	at org.testng.internal.Invoker.invokeTestMethod(Invoker.java:719)
	at org.testng.internal.Invoker.invokeTestMethods(Invoker.java:989)
	at org.testng.internal.TestMethodWorker.invokeTestMethods(TestMethodWorker.java:125)
	at org.testng.internal.TestMethodWorker.run(TestMethodWorker.java:109)
	at org.testng.TestRunner.privateRun(TestRunner.java:648)
	at org.testng.TestRunner.run(TestRunner.java:505)
	at org.testng.SuiteRunner.runTest(SuiteRunner.java:455)
	at org.testng.SuiteRunner.runSequentially(SuiteRunner.java:450)
	at org.testng.SuiteRunner.privateRun(SuiteRunner.java:415)
	at org.testng.SuiteRunner.run(SuiteRunner.java:364)
	at org.testng.SuiteRunnerWorker.runSuite(SuiteRunnerWorker.java:52)
	at org.testng.SuiteRunnerWorker.run(SuiteRunnerWorker.java:84)
	at org.testng.TestNG.runSuitesSequentially(TestNG.java:1208)
	at org.testng.TestNG.runSuitesLocally(TestNG.java:1137)
	at org.testng.TestNG.runSuites(TestNG.java:1049)
	at org.testng.TestNG.run(TestNG.java:1017)
	at org.testng.remote.AbstractRemoteTestNG.run(AbstractRemoteTestNG.java:114)
	at org.testng.remote.RemoteTestNG.initAndRun(RemoteTestNG.java:251)
	at org.testng.remote.RemoteTestNG.main(RemoteTestNG.java:77)
Caused by: FindFailed: can not find C:\Users\sdakinedi\Desktop\JAVA\Eclipse_workspace\dnamGuiTesting_Java\lib\Find_String.png on the screen.
  Line 1574, in file Region.java

	at org.sikuli.script.Region.handleFindFailed(Region.java:1574)
	at org.sikuli.script.Region.wait(Region.java:1682)
	at org.sikuli.script.Region.find(Region.java:1590)
	at test.java.com.infinera.dnam.gui.inventory.InventoryTests.test01_VerifyInventoryManagerAndFiltersForOCM8P_NE_Context(InventoryTests.java:72)
	... 25 more
</pre></div><a href='#' onClick='toggleBox("stack-trace1418620248", this, "Click to show all stack frames", "Click to hide stack frames")'>Click to show all stack frames</a>
<div class='stack-trace' id='stack-trace1418620248'><pre>java.lang.AssertionError: FindFailed: can not find C:\Users\sdakinedi\Desktop\JAVA\Eclipse_workspace\dnamGuiTesting_Java\lib\Find_String.png on the screen.
  Line 1574, in file Region.java

	at test.java.com.infinera.dnam.gui.inventory.InventoryTests.test01_VerifyInventoryManagerAndFiltersForOCM8P_NE_Context(InventoryTests.java:191)
	at sun.reflect.NativeMethodAccessorImpl.invoke0(Native Method)
	at sun.reflect.NativeMethodAccessorImpl.invoke(NativeMethodAccessorImpl.java:62)
	at sun.reflect.DelegatingMethodAccessorImpl.invoke(DelegatingMethodAccessorImpl.java:43)
	at java.lang.reflect.Method.invoke(Method.java:498)
	at org.testng.internal.MethodInvocationHelper.invokeMethod(MethodInvocationHelper.java:124)
	at org.testng.internal.Invoker.invokeMethod(Invoker.java:583)
	at org.testng.internal.Invoker.invokeTestMethod(Invoker.java:719)
	at org.testng.internal.Invoker.invokeTestMethods(Invoker.java:989)
	at org.testng.internal.TestMethodWorker.invokeTestMethods(TestMethodWorker.java:125)
	at org.testng.internal.TestMethodWorker.run(TestMethodWorker.java:109)
	at org.testng.TestRunner.privateRun(TestRunner.java:648)
	at org.testng.TestRunner.run(TestRunner.java:505)
	at org.testng.SuiteRunner.runTest(SuiteRunner.java:455)
	at org.testng.SuiteRunner.runSequentially(SuiteRunner.java:450)
	at org.testng.SuiteRunner.privateRun(SuiteRunner.java:415)
	at org.testng.SuiteRunner.run(SuiteRunner.java:364)
	at org.testng.SuiteRunnerWorker.runSuite(SuiteRunnerWorker.java:52)
	at org.testng.SuiteRunnerWorker.run(SuiteRunnerWorker.java:84)
	at org.testng.TestNG.runSuitesSequentially(TestNG.java:1208)
	at org.testng.TestNG.runSuitesLocally(TestNG.java:1137)
	at org.testng.TestNG.runSuites(TestNG.java:1049)
	at org.testng.TestNG.run(TestNG.java:1017)
	at org.testng.remote.AbstractRemoteTestNG.run(AbstractRemoteTestNG.java:114)
	at org.testng.remote.RemoteTestNG.initAndRun(RemoteTestNG.java:251)
	at org.testng.remote.RemoteTestNG.main(RemoteTestNG.java:77)
Caused by: FindFailed: can not find C:\Users\sdakinedi\Desktop\JAVA\Eclipse_workspace\dnamGuiTesting_Java\lib\Find_String.png on the screen.
  Line 1574, in file Region.java

	at org.sikuli.script.Region.handleFindFailed(Region.java:1574)
	at org.sikuli.script.Region.wait(Region.java:1682)
	at org.sikuli.script.Region.find(Region.java:1590)
	at test.java.com.infinera.dnam.gui.inventory.InventoryTests.test01_VerifyInventoryManagerAndFiltersForOCM8P_NE_Context(InventoryTests.java:72)
	... 25 more
</pre></div></td>
<td>31</td>
<td>test.java.com.infinera.dnam.gui.inventory.InventoryTests@1a8a8f7c</td></tr>
<tr>
<td title='test.java.com.infinera.dnam.gui.inventory.InventoryTests.test02_VerifyInventoryManagerExportForOCM8P_NE_Context()'><b>test02_VerifyInventoryManagerExportForOCM8P_NE_Context</b><br>Test class: test.java.com.infinera.dnam.gui.inventory.InventoryTests<br/>
<a href="#Output-71706941" onClick='toggleBox("Output-71706941", this, "Show output", "Hide output");'>Show output</a>

<a href="#Output-71706941" onClick="toggleAllBoxes();">Show all outputs</a>
<div class='log' id="Output-71706941">
Name of the method executing is:test02_VerifyInventoryManagerExportForOCM8P_NE_Context<br/>
Step 1. Login to the DNAM Client..<br/>
Step 2. Verify if the node is found....<br/>
</div>
</td>
<td><div><pre>java.lang.AssertionError: FindFailed: can not find C:\Users\sdakinedi\Desktop\JAVA\Eclipse_workspace\dnamGuiTesting_Java\lib\nodeIp_10_210_130_171_Name.png on the screen.
  Line 1574, in file Region.java

	at test.java.com.infinera.dnam.gui.inventory.InventoryTests.test02_VerifyInventoryManagerExportForOCM8P_NE_Context(InventoryTests.java:298)
	at sun.reflect.NativeMethodAccessorImpl.invoke0(Native Method)
	at sun.reflect.NativeMethodAccessorImpl.invoke(NativeMethodAccessorImpl.java:62)
	at sun.reflect.DelegatingMethodAccessorImpl.invoke(DelegatingMethodAccessorImpl.java:43)
	at java.lang.reflect.Method.invoke(Method.java:498)
	at org.testng.internal.MethodInvocationHelper.invokeMethod(MethodInvocationHelper.java:124)
	at org.testng.internal.Invoker.invokeMethod(Invoker.java:583)
	at org.testng.internal.Invoker.invokeTestMethod(Invoker.java:719)
	at org.testng.internal.Invoker.invokeTestMethods(Invoker.java:989)
	at org.testng.internal.TestMethodWorker.invokeTestMethods(TestMethodWorker.java:125)
	at org.testng.internal.TestMethodWorker.run(TestMethodWorker.java:109)
	at org.testng.TestRunner.privateRun(TestRunner.java:648)
	at org.testng.TestRunner.run(TestRunner.java:505)
	at org.testng.SuiteRunner.runTest(SuiteRunner.java:455)
	at org.testng.SuiteRunner.runSequentially(SuiteRunner.java:450)
	at org.testng.SuiteRunner.privateRun(SuiteRunner.java:415)
	at org.testng.SuiteRunner.run(SuiteRunner.java:364)
	at org.testng.SuiteRunnerWorker.runSuite(SuiteRunnerWorker.java:52)
	at org.testng.SuiteRunnerWorker.run(SuiteRunnerWorker.java:84)
	at org.testng.TestNG.runSuitesSequentially(TestNG.java:1208)
	at org.testng.TestNG.runSuitesLocally(TestNG.java:1137)
	at org.testng.TestNG.runSuites(TestNG.java:1049)
	at org.testng.TestNG.run(TestNG.java:1017)
	at org.testng.remote.AbstractRemoteTestNG.run(AbstractRemoteTestNG.java:114)
	at org.testng.remote.RemoteTestNG.initAndRun(RemoteTestNG.java:251)
	at org.testng.remote.RemoteTestNG.main(RemoteTestNG.java:77)
Caused by: FindFailed: can not find C:\Users\sdakinedi\Desktop\JAVA\Eclipse_workspace\dnamGuiTesting_Java\lib\nodeIp_10_210_130_171_Name.png on the screen.
  Line 1574, in file Region.java

	at org.sikuli.script.Region.handleFindFailed(Region.java:1574)
	at org.sikuli.script.Region.wait(Region.java:1682)
	at org.sikuli.script.Region.find(Region.java:1590)
	at test.java.com.infinera.dnam.gui.inventory.InventoryTests.test02_VerifyInventoryManagerExportForOCM8P_NE_Context(InventoryTests.java:240)
	... 25 more
</pre></div><a href='#' onClick='toggleBox("stack-trace71706941", this, "Click to show all stack frames", "Click to hide stack frames")'>Click to show all stack frames</a>
<div class='stack-trace' id='stack-trace71706941'><pre>java.lang.AssertionError: FindFailed: can not find C:\Users\sdakinedi\Desktop\JAVA\Eclipse_workspace\dnamGuiTesting_Java\lib\nodeIp_10_210_130_171_Name.png on the screen.
  Line 1574, in file Region.java

	at test.java.com.infinera.dnam.gui.inventory.InventoryTests.test02_VerifyInventoryManagerExportForOCM8P_NE_Context(InventoryTests.java:298)
	at sun.reflect.NativeMethodAccessorImpl.invoke0(Native Method)
	at sun.reflect.NativeMethodAccessorImpl.invoke(NativeMethodAccessorImpl.java:62)
	at sun.reflect.DelegatingMethodAccessorImpl.invoke(DelegatingMethodAccessorImpl.java:43)
	at java.lang.reflect.Method.invoke(Method.java:498)
	at org.testng.internal.MethodInvocationHelper.invokeMethod(MethodInvocationHelper.java:124)
	at org.testng.internal.Invoker.invokeMethod(Invoker.java:583)
	at org.testng.internal.Invoker.invokeTestMethod(Invoker.java:719)
	at org.testng.internal.Invoker.invokeTestMethods(Invoker.java:989)
	at org.testng.internal.TestMethodWorker.invokeTestMethods(TestMethodWorker.java:125)
	at org.testng.internal.TestMethodWorker.run(TestMethodWorker.java:109)
	at org.testng.TestRunner.privateRun(TestRunner.java:648)
	at org.testng.TestRunner.run(TestRunner.java:505)
	at org.testng.SuiteRunner.runTest(SuiteRunner.java:455)
	at org.testng.SuiteRunner.runSequentially(SuiteRunner.java:450)
	at org.testng.SuiteRunner.privateRun(SuiteRunner.java:415)
	at org.testng.SuiteRunner.run(SuiteRunner.java:364)
	at org.testng.SuiteRunnerWorker.runSuite(SuiteRunnerWorker.java:52)
	at org.testng.SuiteRunnerWorker.run(SuiteRunnerWorker.java:84)
	at org.testng.TestNG.runSuitesSequentially(TestNG.java:1208)
	at org.testng.TestNG.runSuitesLocally(TestNG.java:1137)
	at org.testng.TestNG.runSuites(TestNG.java:1049)
	at org.testng.TestNG.run(TestNG.java:1017)
	at org.testng.remote.AbstractRemoteTestNG.run(AbstractRemoteTestNG.java:114)
	at org.testng.remote.RemoteTestNG.initAndRun(RemoteTestNG.java:251)
	at org.testng.remote.RemoteTestNG.main(RemoteTestNG.java:77)
Caused by: FindFailed: can not find C:\Users\sdakinedi\Desktop\JAVA\Eclipse_workspace\dnamGuiTesting_Java\lib\nodeIp_10_210_130_171_Name.png on the screen.
  Line 1574, in file Region.java

	at org.sikuli.script.Region.handleFindFailed(Region.java:1574)
	at org.sikuli.script.Region.wait(Region.java:1682)
	at org.sikuli.script.Region.find(Region.java:1590)
	at test.java.com.infinera.dnam.gui.inventory.InventoryTests.test02_VerifyInventoryManagerExportForOCM8P_NE_Context(InventoryTests.java:240)
	... 25 more
</pre></div></td>
<td>31</td>
<td>test.java.com.infinera.dnam.gui.inventory.InventoryTests@1a8a8f7c</td></tr>
</table><p>
</body>
</html>